Drill Listing
=============
Drill: .01181  Tool: 1  Feed: 95  Speed: 300
X 123622  Y 145669
X 107086  Y 181889
X 113647  Y 186187
X 106692  Y 191338
X 114173  Y 192913
X 113385  Y 215354
X 104330  Y 216141
X 104724  Y 221653
X 125590  Y 340157
X 126771  Y 354330
X 126377  Y 364173
X 126377  Y 373622
X 126377  Y 385433
X 108661  Y 396456
X 129133  Y 401181
X 113647  Y 426187
X 123647  Y 426187
X 106692  Y 435826
X 106692  Y 444881
X 113647  Y 456187
X 123647  Y 456187
X 123647  Y 466187
X 113647  Y 466187
X 113647  Y 496187
X 123647  Y 496187
X 123647  Y 506187
X 113647  Y 506187
X 133647  Y 506187
X 143647  Y 506187
X 133647  Y 496187
X 143647  Y 496187
X 153647  Y 496187
X 133647  Y 486187
X 143647  Y 486187
X 153647  Y 486187
X 133647  Y 476187
X 143647  Y 476187
X 135433  Y 468503
X 153647  Y 466187
X 135039  Y 464173
X 145669  Y 460236
X 140944  Y 460236
X 133647  Y 456187
X 143647  Y 456187
X 153647  Y 456187
X 153647  Y 446187
X 138188  Y 446062
X 138976  Y 437007
X 153647  Y 436187
X 143700  Y 433070
X 133647  Y 426187
X 143647  Y 426187
X 153647  Y 426187
X 133647  Y 416187
X 143647  Y 416187
X 133858  Y 408267
X 153647  Y 406187
X 141732  Y 405118
X 143647  Y 396187
X 153647  Y 396187
X 153647  Y 386187
X 147637  Y 383858
X 153647  Y 376187
X 147244  Y 366535
X 153647  Y 366187
X 153647  Y 356187
X 148425  Y 348031
X 153937  Y 347637
X 133647  Y 346187
X 153937  Y 342125
X 150000  Y 331102
X 142125  Y 327559
X 152755  Y 322047
X 148425  Y 318897
X 142125  Y 318897
X 151181  Y 303543
X 148818  Y 294488
X 151574  Y 292913
X 148818  Y 288188
X 153937  Y 279921
X 148425  Y 272047
X 148031  Y 261811
X 153149  Y 261811
X 145275  Y 259448
X 152362  Y 258661
X 148031  Y 257874
X 151181  Y 255511
X 148031  Y 224409
X 149606  Y 205905
X 138188  Y 202755
X 138188  Y 193307
X 139370  Y 185433
X 143647  Y 176187
X 153937  Y 172047
X 147244  Y 168897
X 153647  Y 166187
X 131496  Y 145669
X 153647  Y 126187
X 143647  Y 106187
X 133647  Y 106187
X 163647  Y 106187
X 173647  Y 116187
X 173647  Y 166187
X 163647  Y 166187
X 163228  Y 173228
X 173228  Y 173228
X 165748  Y 194881
X 173622  Y 195275
X 158267  Y 196850
X 170078  Y 197637
X 179133  Y 200393
X 159842  Y 207480
X 165748  Y 207874
X 155511  Y 209842
X 165354  Y 212992
X 159448  Y 213779
X 164566  Y 217716
X 155511  Y 218110
X 159448  Y 222047
X 178740  Y 222440
X 155511  Y 223622
X 159055  Y 229527
X 162598  Y 229921
X 178740  Y 232283
X 176377  Y 246456
X 174015  Y 249212
X 169291  Y 250000
X 155118  Y 250393
X 155118  Y 255905
X 174803  Y 260236
X 178740  Y 260629
X 174803  Y 267716
X 178740  Y 267716
X 155511  Y 272440
X 174409  Y 275984
X 178740  Y 275984
X 175984  Y 285039
X 175590  Y 291338
X 169291  Y 291732
X 155118  Y 294881
X 176771  Y 299606
X 157480  Y 305905
X 175590  Y 305905
X 174015  Y 312992
X 156299  Y 314566
X 178346  Y 324803
X 160236  Y 331102
X 154724  Y 336220
X 159448  Y 351181
X 160104  Y 355793
X 176771  Y 359448
X 160104  Y 365793
X 174803  Y 366141
X 174015  Y 372440
X 160104  Y 375793
X 174015  Y 377952
X 160104  Y 385793
X 174409  Y 386220
X 173228  Y 391338
X 160104  Y 395793
X 167322  Y 396456
X 163647  Y 406187
X 173647  Y 406187
X 173647  Y 416187
X 163647  Y 416187
X 173647  Y 426187
X 163647  Y 436187
X 163647  Y 446187
X 163647  Y 456187
X 163647  Y 466187
X 178346  Y 471259
X 163647  Y 476187
X 163647  Y 486187
X 163647  Y 496187
X 163647  Y 506187
X 173647  Y 506187
X 183647  Y 506187
X 193647  Y 506187
X 203647  Y 506187
X 180314  Y 501181
X 183647  Y 496187
X 180314  Y 496062
X 183647  Y 486187
X 203647  Y 476187
X 184645  Y 471653
X 193647  Y 466187
X 203647  Y 466187
X 186797  Y 465399
X 193647  Y 456187
X 203647  Y 456187
X 186797  Y 455399
X 193647  Y 446187
X 186797  Y 445399
X 201181  Y 437795
X 183647  Y 436187
X 183647  Y 426187
X 203647  Y 426187
X 200787  Y 420472
X 183647  Y 416187
X 203543  Y 414173
X 188582  Y 414173
X 193647  Y 406187
X 192125  Y 400000
X 192519  Y 385433
X 188582  Y 385433
X 193307  Y 377559
X 188582  Y 377165
X 193647  Y 366187
X 203647  Y 366187
X 187007  Y 359448
X 193307  Y 359448
X 203647  Y 356187
X 180708  Y 336220
X 188188  Y 335039
X 192913  Y 334251
X 191732  Y 329527
X 193647  Y 326187
X 188976  Y 325590
X 188976  Y 320078
X 192913  Y 313779
X 188188  Y 310236
X 192913  Y 303149
X 187007  Y 302362
X 193647  Y 296187
X 187007  Y 295669
X 179527  Y 294881
X 190551  Y 290944
X 181102  Y 290944
X 193647  Y 276187
X 192913  Y 272440
X 192125  Y 266535
X 192519  Y 257086
X 180708  Y 257086
X 185039  Y 256692
X 188976  Y 256299
X 193700  Y 253543
X 203937  Y 240157
X 198425  Y 240157
X 203937  Y 235039
X 198425  Y 234645
X 203937  Y 230314
X 198425  Y 229921
X 190157  Y 228346
X 184645  Y 228346
X 187401  Y 226377
X 203937  Y 225590
X 197637  Y 224015
X 190157  Y 220866
X 188976  Y 216929
X 201574  Y 212598
X 197637  Y 211023
X 185039  Y 209055
X 193700  Y 207874
X 185039  Y 204724
X 193700  Y 203149
X 193254  Y 196187
X 182677  Y 194881
X 191732  Y 189370
X 190944  Y 184645
X 191338  Y 179133
X 193700  Y 174015
X 183228  Y 173228
X 191338  Y 168897
X 183647  Y 166187
X 193700  Y 164960
X 183647  Y 126187
X 183647  Y 116187
X 193647  Y 116187
X 203647  Y 116187
X 193647  Y 106187
X 183647  Y 106187
X 203647  Y 106187
X 223647  Y 106187
X 213647  Y 126187
X 224409  Y 155511
X 220472  Y 212204
X 209842  Y 212204
X 208267  Y 226377
X 212204  Y 226377
X 212204  Y 229527
X 208661  Y 229921
X 220078  Y 242913
X 224015  Y 244094
X 214960  Y 244488
X 209448  Y 306692
X 205118  Y 351968
X 209055  Y 374409
X 209055  Y 377559
X 221653  Y 378346
X 225984  Y 379527
X 221653  Y 382283
X 227559  Y 384251
X 223647  Y 386187
X 217716  Y 386614
X 209055  Y 390944
X 227165  Y 396456
X 209448  Y 400000
X 217322  Y 420472
X 213647  Y 426187
X 223622  Y 432283
X 213647  Y 436187
X 224015  Y 437007
X 217716  Y 443700
X 213647  Y 446187
X 213647  Y 496187
X 213647  Y 506187
X 223647  Y 506187
X 233647  Y 506187
X 243647  Y 506187
X 243647  Y 486187
X 253647  Y 476187
X 253937  Y 449606
X 238976  Y 436614
X 233647  Y 436187
X 233464  Y 432283
X 233858  Y 427559
X 249212  Y 415748
X 236614  Y 386614
X 234251  Y 386614
X 243647  Y 386187
X 253149  Y 384645
X 230314  Y 384251
X 242913  Y 379527
X 233647  Y 376187
X 233647  Y 366187
X 229527  Y 363779
X 237401  Y 362992
X 233464  Y 362992
X 250393  Y 362992
X 247637  Y 362992
X 230314  Y 345275
X 232677  Y 342519
X 235039  Y 339763
X 245275  Y 339763
X 248031  Y 337007
X 237795  Y 336220
X 250787  Y 334251
X 253543  Y 244488
X 239763  Y 244488
X 248425  Y 244488
X 231496  Y 244488
X 248425  Y 229921
X 242519  Y 229527
X 233070  Y 225590
X 235433  Y 212598
X 245669  Y 211417
X 237795  Y 206692
X 244881  Y 196456
X 241732  Y 196456
X 251968  Y 196456
X 250787  Y 189370
X 250393  Y 185039
X 231889  Y 179527
X 240551  Y 178740
X 251968  Y 178346
X 240551  Y 175590
X 251968  Y 168110
X 233647  Y 116187
X 243647  Y 116187
X 253647  Y 116187
X 233647  Y 106187
X 243647  Y 106187
X 263647  Y 106187
X 273647  Y 126187
X 273622  Y 143307
X 264960  Y 143700
X 260236  Y 168503
X 260236  Y 175984
X 274015  Y 178346
X 269685  Y 178346
X 259842  Y 194881
X 268897  Y 195275
X 259842  Y 199606
X 268897  Y 203543
X 259842  Y 203937
X 266141  Y 211417
X 275196  Y 214173
X 266141  Y 228346
X 275590  Y 228740
X 256299  Y 228740
X 274015  Y 244488
X 266535  Y 244488
X 277559  Y 312992
X 275984  Y 316535
X 269685  Y 319291
X 266929  Y 322047
X 263779  Y 322834
X 260629  Y 324409
X 258267  Y 328346
X 258661  Y 331496
X 261811  Y 363779
X 265748  Y 363779
X 255905  Y 379921
X 255905  Y 384645
X 260629  Y 387007
X 269685  Y 396850
X 266141  Y 415354
X 258267  Y 415354
X 266141  Y 425196
X 268503  Y 429921
X 262992  Y 439370
X 263647  Y 446187
X 273647  Y 446187
X 259842  Y 448031
X 270078  Y 448425
X 273647  Y 476187
X 263647  Y 476187
X 273647  Y 486187
X 263647  Y 486187
X 263647  Y 496187
X 273647  Y 496187
X 283647  Y 496187
X 283647  Y 486187
X 283647  Y 476187
X 293647  Y 476187
X 288188  Y 470472
X 291338  Y 468897
X 282283  Y 448818
X 291338  Y 445275
X 288188  Y 438188
X 302362  Y 424015
X 300787  Y 420472
X 303647  Y 416187
X 293700  Y 414960
X 300393  Y 414960
X 299212  Y 396456
X 303543  Y 389370
X 296850  Y 388582
X 290157  Y 386220
X 283464  Y 385433
X 298031  Y 384251
X 291338  Y 383464
X 280314  Y 380314
X 283647  Y 376187
X 280314  Y 375590
X 287401  Y 370078
X 280708  Y 369291
X 292913  Y 364960
X 283858  Y 363385
X 279921  Y 363385
X 281496  Y 313779
X 283070  Y 308267
X 285826  Y 305905
X 288188  Y 303543
X 301181  Y 298425
X 303937  Y 296062
X 288188  Y 294881
X 291338  Y 294488
X 284251  Y 244488
X 289370  Y 244488
X 294488  Y 244488
X 293700  Y 228346
X 302362  Y 224803
X 292125  Y 211811
X 293700  Y 205118
X 293700  Y 201968
X 294488  Y 188976
X 303937  Y 178346
X 293700  Y 143700
X 279921  Y 143307
X 303937  Y 142519
X 303647  Y 136187
X 303647  Y 126187
X 303647  Y 116187
X 283647  Y 116187
X 303647  Y 106187
X 283647  Y 106187
X 293647  Y 106187
X 313647  Y 106187
X 323647  Y 106187
X 323647  Y 136187
X 313647  Y 136187
X 313647  Y 142644
X 323647  Y 142644
X 318110  Y 156692
X 328740  Y 162204
X 315748  Y 173622
X 307874  Y 177165
X 315748  Y 180708
X 306299  Y 188976
X 320866  Y 204330
X 318503  Y 207086
X 315354  Y 210236
X 307480  Y 224409
X 327559  Y 228346
X 328740  Y 234251
X 307874  Y 242519
X 304330  Y 243307
X 325590  Y 250393
X 328346  Y 252755
X 327559  Y 262992
X 327952  Y 270866
X 326377  Y 275984
X 305511  Y 293307
X 327165  Y 299212
X 327165  Y 306692
X 312598  Y 327165
X 326771  Y 327165
X 317322  Y 351968
X 323622  Y 354724
X 307086  Y 363385
X 311811  Y 364566
X 315748  Y 364566
X 307086  Y 368110
X 312992  Y 371259
X 329133  Y 377165
X 304330  Y 384251
X 310236  Y 384251
X 313647  Y 386187
X 310629  Y 389370
X 317322  Y 390157
X 312598  Y 414566
X 316929  Y 414960
X 306692  Y 414960
X 313385  Y 420472
X 315354  Y 424409
X 313385  Y 427952
X 315748  Y 431889
X 318503  Y 442913
X 317716  Y 448031
X 323228  Y 455905
X 327952  Y 456299
X 315748  Y 460629
X 322834  Y 464173
X 322834  Y 467322
X 312992  Y 472047
X 319291  Y 477559
X 323647  Y 486187
X 324803  Y 496062
X 313647  Y 496187
X 351968  Y 477952
X 331889  Y 474803
X 343700  Y 472047
X 336220  Y 467322
X 338188  Y 463779
X 336220  Y 456299
X 340157  Y 456299
X 338188  Y 446456
X 352755  Y 446456
X 335039  Y 435826
X 341338  Y 432283
X 340551  Y 425984
X 341732  Y 419291
X 340157  Y 416141
X 334251  Y 414960
X 335826  Y 411023
X 342519  Y 410629
X 350393  Y 400000
X 343647  Y 376187
X 331889  Y 375196
X 336220  Y 374803
X 333647  Y 366187
X 343647  Y 366187
X 335039  Y 362992
X 346850  Y 362598
X 339370  Y 362598
X 351181  Y 362204
X 342519  Y 325984
X 330314  Y 306692
X 348425  Y 285433
X 331496  Y 283858
X 352755  Y 281889
X 329527  Y 278346
X 333858  Y 268110
X 333464  Y 257874
X 350787  Y 255511
X 342913  Y 248031
X 353937  Y 234251
X 342913  Y 232677
X 330314  Y 230314
X 348425  Y 218110
X 343307  Y 216929
X 335826  Y 214566
X 338188  Y 176771
X 334645  Y 161023
X 348818  Y 152755
X 342913  Y 151574
X 341732  Y 144881
X 339763  Y 141338
X 348425  Y 138976
X 336220  Y 138976
X 343647  Y 136187
X 353647  Y 136187
X 343647  Y 126187
X 343647  Y 116187
X 373647  Y 106187
X 363647  Y 136187
X 357874  Y 138976
X 363385  Y 140944
X 377952  Y 150393
X 374803  Y 160236
X 374803  Y 175984
X 374409  Y 190157
X 373622  Y 234251
X 363937  Y 234251
X 360629  Y 242125
X 373647  Y 246187
X 361417  Y 247244
X 376771  Y 250787
X 376377  Y 254724
X 376377  Y 264960
X 379133  Y 272047
X 377952  Y 289763
X 363779  Y 300787
X 361811  Y 303543
X 364173  Y 306299
X 359448  Y 312992
X 356299  Y 315748
X 377952  Y 317716
X 357874  Y 320866
X 357480  Y 325984
X 356299  Y 333464
X 363779  Y 333464
X 359448  Y 338976
X 373622  Y 345669
X 377165  Y 362204
X 372834  Y 362598
X 365748  Y 362598
X 361417  Y 362992
X 363647  Y 366187
X 373622  Y 367716
X 372440  Y 372440
X 363647  Y 376187
X 372440  Y 376771
X 354724  Y 399606
X 360629  Y 400393
X 371653  Y 418503
X 375590  Y 418897
X 379133  Y 419291
X 357480  Y 436614
X 358661  Y 440551
X 355118  Y 440551
X 369291  Y 444094
X 366535  Y 448425
X 360629  Y 452362
X 363647  Y 456187
X 373647  Y 456187
X 360236  Y 456299
X 366929  Y 460629
X 357874  Y 463385
X 360236  Y 466535
X 364173  Y 470078
X 366141  Y 474409
X 373647  Y 476187
X 383647  Y 496187
X 383647  Y 486187
X 398818  Y 482283
X 383647  Y 476187
X 393647  Y 476187
X 403647  Y 476187
X 383647  Y 456187
X 393647  Y 456187
X 403647  Y 456187
X 383464  Y 418897
X 379921  Y 397637
X 383647  Y 396187
X 393647  Y 396187
X 403647  Y 396187
X 401968  Y 384645
X 390944  Y 384251
X 390551  Y 380708
X 401181  Y 377559
X 397637  Y 377165
X 393307  Y 377165
X 399212  Y 358267
X 403543  Y 357874
X 393647  Y 356187
X 383070  Y 345275
X 382283  Y 337007
X 397244  Y 326377
X 402362  Y 325590
X 397637  Y 323228
X 381102  Y 320472
X 384645  Y 319685
X 381102  Y 317322
X 401574  Y 311417
X 398425  Y 308661
X 383070  Y 306692
X 386220  Y 305118
X 380708  Y 300787
X 403543  Y 300787
X 395275  Y 295669
X 397244  Y 292519
X 395669  Y 289370
X 403149  Y 283070
X 383464  Y 279133
X 384645  Y 273622
X 403937  Y 269685
X 400000  Y 262598
X 400393  Y 257086
X 397244  Y 248425
X 400000  Y 246850
X 383647  Y 246187
X 383622  Y 234251
X 392519  Y 233858
X 402519  Y 233858
X 388188  Y 212992
X 397637  Y 211811
X 394488  Y 205511
X 398818  Y 179133
X 401968  Y 169685
X 385433  Y 160236
X 390944  Y 159448
X 386220  Y 145275
X 393647  Y 136187
X 403647  Y 136187
X 393647  Y 126187
X 403647  Y 126187
X 403647  Y 116187
X 403647  Y 106187
X 383647  Y 106187
X 393647  Y 106187
X 423647  Y 106187
X 413647  Y 106187
X 423647  Y 136187
X 413647  Y 136187
X 416535  Y 192125
X 423647  Y 196187
X 417716  Y 201181
X 422047  Y 207480
X 415354  Y 212598
X 429133  Y 217322
X 428740  Y 220472
X 412204  Y 233070
X 420078  Y 233070
X 419685  Y 238188
X 419685  Y 243700
X 423647  Y 246187
X 405118  Y 259842
X 422834  Y 260629
X 423228  Y 269291
X 422834  Y 272440
X 406692  Y 274409
X 406692  Y 280314
X 423622  Y 281496
X 422834  Y 288188
X 429133  Y 294094
X 405118  Y 297244
X 425590  Y 300000
X 423228  Y 311811
X 405118  Y 314173
X 423228  Y 323622
X 405511  Y 327165
X 405905  Y 333070
X 413647  Y 356187
X 425984  Y 369291
X 425984  Y 373622
X 420472  Y 374803
X 423647  Y 376187
X 413647  Y 376187
X 420472  Y 378346
X 413385  Y 379921
X 413385  Y 383070
X 406299  Y 384251
X 416141  Y 384645
X 423647  Y 386187
X 412204  Y 388976
X 412204  Y 401574
X 415748  Y 451968
X 408267  Y 452755
X 419685  Y 455118
X 407874  Y 456692
X 423254  Y 467368
X 426377  Y 503149
X 423647  Y 506187
X 427165  Y 509055
X 432677  Y 503149
X 433070  Y 496850
X 435826  Y 494094
X 433647  Y 486187
X 433858  Y 475590
X 433254  Y 467368
X 443254  Y 467368
X 433647  Y 406187
X 443647  Y 406187
X 430708  Y 377559
X 453647  Y 366187
X 430708  Y 364960
X 433858  Y 360236
X 438188  Y 359842
X 433647  Y 356187
X 443647  Y 356187
X 453647  Y 356187
X 436614  Y 350393
X 443647  Y 346187
X 433647  Y 346187
X 453647  Y 346187
X 443647  Y 326187
X 436614  Y 325984
X 438188  Y 317716
X 443647  Y 316187
X 445275  Y 308661
X 449606  Y 308267
X 438188  Y 306299
X 453543  Y 301574
X 431496  Y 297244
X 453647  Y 296187
X 443647  Y 296187
X 443647  Y 286187
X 433647  Y 286187
X 438188  Y 278346
X 443647  Y 276187
X 453937  Y 267716
X 438188  Y 266535
X 443647  Y 266187
X 443647  Y 256187
X 433647  Y 256187
X 433464  Y 248425
X 448425  Y 229527
X 448818  Y 218503
X 432677  Y 207874
X 433070  Y 201574
X 438582  Y 200787
X 438582  Y 194488
X 433070  Y 194094
X 448425  Y 193307
X 433647  Y 136187
X 443647  Y 136187
X 433647  Y 126187
X 443647  Y 126187
X 443647  Y 116187
X 433647  Y 116187
X 433647  Y 106187
X 453647  Y 106187
X 443647  Y 106187
X 463647  Y 106187
X 473647  Y 106187
X 456299  Y 151574
X 456299  Y 172440
X 478346  Y 192913
X 454330  Y 193700
X 466535  Y 194094
X 462598  Y 194094
X 478740  Y 196850
X 474409  Y 197244
X 465354  Y 200393
X 454330  Y 206299
X 459055  Y 209055
X 455905  Y 273622
X 463647  Y 276187
X 473647  Y 276187
X 460629  Y 281496
X 455118  Y 282677
X 473228  Y 283464
X 463647  Y 286187
X 473228  Y 286614
X 455118  Y 288976
X 470078  Y 290944
X 470078  Y 294094
X 463647  Y 296187
X 457874  Y 301574
X 473647  Y 306187
X 467716  Y 308661
X 463385  Y 309055
X 463647  Y 316187
X 473647  Y 316187
X 463647  Y 326187
X 473647  Y 326187
X 463647  Y 346187
X 473647  Y 346187
X 463647  Y 356187
X 473647  Y 356187
X 456299  Y 359842
X 460629  Y 359842
X 473647  Y 366187
X 463647  Y 366187
X 477952  Y 463779
X 468110  Y 475984
X 473647  Y 476187
X 497637  Y 506299
X 503937  Y 474015
X 491732  Y 472834
X 483464  Y 463385
X 483464  Y 459842
X 487007  Y 425984
X 487007  Y 420866
X 487401  Y 415748
X 503937  Y 401181
X 503647  Y 396187
X 493647  Y 356187
X 488976  Y 355511
X 484645  Y 355511
X 493647  Y 346187
X 483647  Y 346187
X 503647  Y 336187
X 493647  Y 336187
X 483647  Y 336187
X 493647  Y 326187
X 488188  Y 318503
X 483858  Y 318503
X 503647  Y 316187
X 493647  Y 316187
X 502362  Y 312204
X 498031  Y 312204
X 488976  Y 308267
X 484645  Y 308267
X 503647  Y 306187
X 493647  Y 306187
X 490157  Y 303149
X 485826  Y 303149
X 493700  Y 288976
X 493700  Y 285826
X 481889  Y 278740
X 492125  Y 278346
X 481889  Y 275590
X 492125  Y 275196
X 483070  Y 269291
X 501968  Y 200000
X 491732  Y 196850
X 496062  Y 196456
X 503647  Y 196187
X 490157  Y 192913
X 503647  Y 126187
X 493647  Y 116187
X 483647  Y 116187
X 503647  Y 116187
X 503647  Y 106187
X 483647  Y 106187
X 513647  Y 106187
X 523647  Y 106187
X 513647  Y 116187
X 523647  Y 196187
X 513647  Y 196187
X 508267  Y 200000
X 525590  Y 200000
X 517322  Y 200393
X 516141  Y 220472
X 525196  Y 224803
X 525196  Y 249606
X 523647  Y 256187
X 513647  Y 276187
X 523647  Y 276187
X 523647  Y 286187
X 513647  Y 286187
X 523647  Y 296187
X 513647  Y 296187
X 521259  Y 323622
X 513647  Y 326187
X 523647  Y 386187
X 509842  Y 395275
X 514173  Y 395275
X 508267  Y 401181
X 510236  Y 419685
X 507480  Y 422440
X 513385  Y 437007
X 516535  Y 437007
X 513385  Y 448031
X 516929  Y 448031
X 512992  Y 459448
X 515748  Y 459448
X 528346  Y 474015
X 518110  Y 474409
X 523622  Y 475196
X 516929  Y 482677
X 504330  Y 488976
X 505905  Y 499212
X 511811  Y 503543
X 505905  Y 506692
X 553647  Y 476187
X 544881  Y 465748
X 551574  Y 458661
X 551574  Y 447637
X 533858  Y 434645
X 553149  Y 431102
X 548818  Y 430314
X 533858  Y 429527
X 533647  Y 426187
X 543647  Y 426187
X 553647  Y 426187
X 533464  Y 393307
X 543647  Y 386187
X 533647  Y 386187
X 533647  Y 376187
X 553647  Y 366187
X 543647  Y 366187
X 553647  Y 356187
X 536614  Y 351181
X 539763  Y 350787
X 536220  Y 344881
X 539763  Y 342125
X 536220  Y 339370
X 553149  Y 338976
X 533464  Y 323622
X 533647  Y 296187
X 553647  Y 296187
X 543647  Y 296187
X 533647  Y 286187
X 543647  Y 286187
X 553647  Y 286187
X 543647  Y 276187
X 553647  Y 276187
X 533647  Y 276187
X 543647  Y 256187
X 533647  Y 256187
X 543700  Y 250787
X 537401  Y 250393
X 531102  Y 250000
X 550000  Y 228740
X 538976  Y 225196
X 546850  Y 224803
X 531102  Y 224803
X 530314  Y 220472
X 541338  Y 219291
X 546850  Y 219291
X 540944  Y 208267
X 532677  Y 200393
X 543647  Y 196187
X 553647  Y 196187
X 533647  Y 196187
X 553647  Y 116187
X 543647  Y 116187
X 533647  Y 106187
X 553647  Y 106187
X 543647  Y 106187
X 563647  Y 106187
X 563647  Y 116187
X 573647  Y 116187
X 563647  Y 126187
X 563647  Y 196187
X 574015  Y 196456
X 561023  Y 205511
X 568110  Y 211417
X 574015  Y 215354
X 567716  Y 220472
X 564566  Y 227165
X 560236  Y 227165
X 570472  Y 229133
X 565354  Y 231889
X 560236  Y 231889
X 555511  Y 232283
X 573622  Y 240551
X 578740  Y 243700
X 573647  Y 246187
X 563647  Y 346187
X 568503  Y 350000
X 561023  Y 350000
X 568503  Y 353149
X 561023  Y 353149
X 563647  Y 356187
X 561023  Y 358267
X 561023  Y 361417
X 563647  Y 366187
X 573647  Y 376187
X 563647  Y 376187
X 563647  Y 386187
X 573622  Y 386220
X 562204  Y 423622
X 566141  Y 423622
X 576377  Y 424409
X 572440  Y 424409
X 555905  Y 433070
X 572047  Y 434645
X 569291  Y 434645
X 578346  Y 455511
X 571259  Y 461023
X 578740  Y 464173
X 570866  Y 464960
X 558661  Y 465748
X 566535  Y 476771
X 560629  Y 476771
X 563647  Y 506187
X 575590  Y 506299
X 587795  Y 506299
X 593647  Y 506187
X 603647  Y 506187
X 593647  Y 496187
X 603647  Y 496187
X 581496  Y 488582
X 593647  Y 486187
X 603647  Y 486187
X 585039  Y 485039
X 593647  Y 476187
X 603647  Y 476187
X 590944  Y 470866
X 601574  Y 466535
X 583647  Y 466187
X 584251  Y 461811
X 602755  Y 461023
X 598818  Y 461023
X 583647  Y 456187
X 603647  Y 456187
X 600000  Y 450000
X 588188  Y 435826
X 587795  Y 431496
X 599212  Y 423228
X 587401  Y 419291
X 585826  Y 417716
X 603647  Y 396187
X 583647  Y 386187
X 597244  Y 381496
X 590944  Y 381496
X 590551  Y 376377
X 583647  Y 376187
X 583647  Y 356187
X 593647  Y 346187
X 600000  Y 341338
X 597244  Y 341338
X 593307  Y 340157
X 603647  Y 316187
X 593647  Y 316187
X 603149  Y 298818
X 583647  Y 296187
X 603149  Y 295669
X 603149  Y 291338
X 590157  Y 288188
X 583647  Y 286187
X 590157  Y 285039
X 590157  Y 280314
X 590157  Y 277165
X 583647  Y 276187
X 588188  Y 265748
X 603937  Y 259448
X 603647  Y 256187
X 603647  Y 246187
X 588188  Y 244881
X 603937  Y 242125
X 603647  Y 236187
X 603647  Y 230518
X 583647  Y 226187
X 583647  Y 216187
X 587795  Y 196062
X 584251  Y 195669
X 594488  Y 192913
X 592125  Y 189370
X 592125  Y 186220
X 583647  Y 186187
X 603149  Y 180708
X 592913  Y 180708
X 581102  Y 180314
X 583647  Y 156187
X 593647  Y 156187
X 603647  Y 156187
X 603647  Y 146187
X 583647  Y 146187
X 593647  Y 146187
X 603647  Y 106187
X 583647  Y 106187
X 593647  Y 106187
X 613647  Y 106187
X 623647  Y 106187
X 623647  Y 116187
X 623647  Y 126187
X 623647  Y 136187
X 613647  Y 146187
X 623647  Y 146187
X 627952  Y 152362
X 627952  Y 155511
X 623647  Y 156187
X 613647  Y 156187
X 627559  Y 180708
X 612598  Y 181102
X 620866  Y 181496
X 624409  Y 207480
X 613647  Y 216187
X 623647  Y 216187
X 623647  Y 230518
X 616535  Y 231102
X 613647  Y 236187
X 623647  Y 256187
X 613647  Y 256187
X 606692  Y 259448
X 607480  Y 264960
X 604724  Y 264960
X 623647  Y 266187
X 613647  Y 266187
X 605511  Y 268110
X 623647  Y 276187
X 613647  Y 276187
X 623647  Y 286187
X 605905  Y 291338
X 623647  Y 296187
X 628346  Y 300000
X 623647  Y 316187
X 613647  Y 316187
X 618110  Y 341338
X 613647  Y 346187
X 623647  Y 346187
X 606692  Y 346456
X 609448  Y 346456
X 618503  Y 347637
X 623647  Y 356187
X 613647  Y 376187
X 604330  Y 376771
X 608661  Y 378346
X 604330  Y 379921
X 613779  Y 379921
X 618503  Y 396456
X 613779  Y 398818
X 617716  Y 399212
X 616141  Y 402755
X 628740  Y 414566
X 624803  Y 418503
X 606692  Y 438582
X 605905  Y 443307
X 605511  Y 446456
X 620078  Y 452755
X 620078  Y 455905
X 617322  Y 456692
X 617322  Y 459448
X 622440  Y 466535
X 626771  Y 470866
X 619685  Y 472047
X 613647  Y 476187
X 623647  Y 476187
X 613647  Y 496187
X 623647  Y 496187
X 643647  Y 506187
X 653647  Y 506187
X 633647  Y 496187
X 643647  Y 496187
X 653647  Y 496187
X 643307  Y 486220
X 649212  Y 486220
X 653647  Y 486187
X 631496  Y 485826
X 637401  Y 485826
X 653149  Y 470866
X 653149  Y 466141
X 646062  Y 464566
X 634645  Y 464173
X 653149  Y 461023
X 653149  Y 457480
X 646062  Y 454330
X 634645  Y 453543
X 643700  Y 447244
X 634645  Y 446062
X 647637  Y 414173
X 639763  Y 413385
X 632283  Y 411417
X 644881  Y 411417
X 648031  Y 400393
X 629921  Y 400393
X 644881  Y 399212
X 641338  Y 396850
X 631889  Y 393307
X 643307  Y 392913
X 648425  Y 392913
X 633647  Y 366187
X 653647  Y 366187
X 653647  Y 356187
X 653647  Y 346187
X 633647  Y 346187
X 633647  Y 316187
X 631102  Y 300000
X 637795  Y 297637
X 635039  Y 297637
X 653647  Y 286187
X 643647  Y 286187
X 633647  Y 286187
X 653647  Y 276187
X 653647  Y 266187
X 643647  Y 256187
X 633647  Y 256187
X 633647  Y 246187
X 653647  Y 246187
X 633647  Y 236187
X 633647  Y 230518
X 633647  Y 216187
X 632677  Y 207086
X 650000  Y 203149
X 641338  Y 198425
X 635826  Y 198425
X 643647  Y 196187
X 635433  Y 194094
X 641338  Y 191732
X 646220  Y 180314
X 636220  Y 180314
X 643647  Y 156187
X 653647  Y 156187
X 643647  Y 146187
X 633647  Y 146187
X 653647  Y 146187
X 653647  Y 106187
X 643647  Y 106187
X 633647  Y 106187
X 663647  Y 116187
X 673647  Y 116187
X 663647  Y 146187
X 673647  Y 146187
X 663647  Y 156187
X 673647  Y 156187
X 656220  Y 180314
X 666220  Y 180314
X 668110  Y 185826
X 663647  Y 196187
X 673647  Y 196187
X 663647  Y 206187
X 673647  Y 206187
X 666929  Y 218897
X 666141  Y 223228
X 676377  Y 245669
X 663647  Y 246187
X 671128  Y 253116
X 663647  Y 266187
X 673647  Y 276187
X 663647  Y 276187
X 673647  Y 286187
X 663647  Y 286187
X 663385  Y 292913
X 660629  Y 292913
X 670472  Y 294094
X 673228  Y 294094
X 660629  Y 298425
X 663385  Y 298425
X 667322  Y 339370
X 668503  Y 347637
X 670866  Y 366141
X 663647  Y 366187
X 677952  Y 371653
X 662598  Y 386220
X 657480  Y 386220
X 670078  Y 388582
X 661417  Y 391338
X 666535  Y 391338
X 657480  Y 391338
X 673622  Y 392125
X 673647  Y 396187
X 655511  Y 411023
X 678740  Y 418110
X 674803  Y 418503
X 663779  Y 420078
X 677952  Y 420472
X 655118  Y 427952
X 673647  Y 436187
X 654724  Y 437795
X 678740  Y 443307
X 675196  Y 450000
X 656692  Y 457480
X 672047  Y 457480
X 664960  Y 458661
X 672047  Y 465748
X 659055  Y 467322
X 676771  Y 470472
X 672834  Y 470472
X 669685  Y 472834
X 661023  Y 485826
X 673647  Y 496187
X 663647  Y 496187
X 683647  Y 506187
X 683647  Y 496187
X 698818  Y 487007
X 683647  Y 486187
X 693647  Y 486187
X 698818  Y 483464
X 683647  Y 476187
X 693647  Y 476187
X 680708  Y 466535
X 693647  Y 466187
X 684251  Y 466141
X 684251  Y 462598
X 690944  Y 458661
X 687401  Y 458267
X 693647  Y 456187
X 687401  Y 454724
X 688976  Y 450787
X 693307  Y 450787
X 693307  Y 447244
X 680314  Y 445669
X 683858  Y 444094
X 679921  Y 440157
X 680314  Y 435826
X 701574  Y 433464
X 681496  Y 420472
X 701968  Y 419291
X 702755  Y 416535
X 680708  Y 414960
X 702755  Y 412992
X 702755  Y 409448
X 692125  Y 400393
X 702362  Y 396456
X 692519  Y 395669
X 703543  Y 392913
X 692125  Y 391338
X 692125  Y 386614
X 686614  Y 381102
X 691338  Y 381102
X 691732  Y 376771
X 685433  Y 376377
X 680708  Y 347244
X 680708  Y 339763
X 702362  Y 334251
X 703543  Y 329527
X 685039  Y 306299
X 687795  Y 306299
X 698818  Y 290551
X 695669  Y 290157
X 693307  Y 286614
X 683647  Y 276187
X 688529  Y 276187
X 688529  Y 266187
X 682283  Y 258267
X 688582  Y 253937
X 681128  Y 253116
X 686614  Y 245669
X 686220  Y 238188
X 688188  Y 234251
X 698425  Y 230314
X 692125  Y 219291
X 693647  Y 206187
X 683647  Y 206187
X 693647  Y 196187
X 683647  Y 196187
X 696220  Y 180314
X 703543  Y 161811
X 680708  Y 156299
X 703647  Y 156187
X 686614  Y 155118
X 686614  Y 151968
X 683647  Y 146187
X 703647  Y 146187
X 690157  Y 146062
X 683647  Y 126187
X 703647  Y 126187
X 693647  Y 116187
X 683647  Y 116187
X 683647  Y 106187
X 703647  Y 106187
X 693647  Y 106187
X 723647  Y 106187
X 713647  Y 106187
X 723647  Y 116187
X 709842  Y 140944
X 713647  Y 146187
X 711811  Y 151574
X 711811  Y 154724
X 711417  Y 161811
X 726771  Y 169291
X 724015  Y 178740
X 711023  Y 181102
X 718110  Y 197637
X 718110  Y 202755
X 722834  Y 202755
X 718110  Y 206692
X 718897  Y 226377
X 728346  Y 226377
X 707191  Y 245793
X 713647  Y 246187
X 723647  Y 246187
X 707191  Y 255793
X 713647  Y 256187
X 723647  Y 256187
X 707191  Y 265793
X 707191  Y 275793
X 717322  Y 283858
X 712992  Y 284251
X 723647  Y 286187
X 717322  Y 292125
X 712992  Y 292519
X 709842  Y 298818
X 725196  Y 298818
X 705511  Y 299212
X 720866  Y 299212
X 723647  Y 306187
X 706299  Y 338188
X 713647  Y 346187
X 713647  Y 366187
X 718503  Y 378740
X 715748  Y 378740
X 716535  Y 383464
X 716535  Y 387007
X 706299  Y 398031
X 728346  Y 400393
X 725590  Y 411023
X 722440  Y 411811
X 706692  Y 412992
X 718110  Y 428346
X 710629  Y 433464
X 712204  Y 444488
X 704330  Y 452362
X 708267  Y 460236
X 733647  Y 486187
X 743647  Y 486187
X 753647  Y 486187
X 733647  Y 476187
X 743647  Y 476187
X 753647  Y 476187
X 733647  Y 466187
X 743647  Y 466187
X 733647  Y 456187
X 753647  Y 456187
X 736614  Y 452362
X 740551  Y 451968
X 740944  Y 447637
X 753647  Y 446187
X 753647  Y 438549
X 743647  Y 438549
X 751968  Y 419291
X 729921  Y 411023
X 731102  Y 406692
X 731102  Y 403149
X 731102  Y 400393
X 733647  Y 396187
X 735039  Y 380314
X 732283  Y 380314
X 743647  Y 366187
X 733647  Y 366187
X 741338  Y 361811
X 738582  Y 361811
X 733647  Y 356187
X 743647  Y 346187
X 751574  Y 341732
X 741338  Y 339763
X 744094  Y 339763
X 743647  Y 336187
X 733647  Y 336187
X 751968  Y 334645
X 749212  Y 334645
X 731889  Y 330314
X 734645  Y 330314
X 743647  Y 326187
X 753647  Y 316187
X 743647  Y 286187
X 733647  Y 286187
X 733647  Y 276187
X 743647  Y 276187
X 743647  Y 266187
X 733647  Y 266187
X 733647  Y 256187
X 733647  Y 246187
X 743647  Y 246187
X 753647  Y 246187
X 731889  Y 229921
X 743647  Y 216187
X 739947  Y 213037
X 739947  Y 203037
X 743647  Y 186187
X 753647  Y 186187
X 733070  Y 182283
X 735433  Y 179133
X 738582  Y 179133
X 743647  Y 176187
X 733647  Y 176187
X 737401  Y 164566
X 731102  Y 164566
X 738188  Y 160629
X 738188  Y 154724
X 731889  Y 151181
X 733647  Y 126187
X 743647  Y 126187
X 743647  Y 116187
X 733647  Y 116187
X 753647  Y 116187
X 733647  Y 106187
X 743647  Y 106187
X 773647  Y 106187
X 763647  Y 106187
X 763647  Y 126187
X 763647  Y 156187
X 773647  Y 156187
X 756299  Y 156299
X 768897  Y 198425
X 773647  Y 236187
X 763647  Y 246187
X 773647  Y 246187
X 763647  Y 256187
X 773647  Y 256187
X 763647  Y 316187
X 758267  Y 324015
X 761023  Y 324015
X 763647  Y 326187
X 773647  Y 336187
X 761417  Y 337007
X 758661  Y 337007
X 754330  Y 341732
X 770866  Y 344881
X 766535  Y 345275
X 777165  Y 352755
X 772834  Y 353149
X 773647  Y 376187
X 770472  Y 405511
X 756692  Y 411811
X 766929  Y 414173
X 762992  Y 416929
X 767322  Y 417322
X 763647  Y 438549
X 773647  Y 438549
X 763647  Y 446187
X 773647  Y 446187
X 763647  Y 456187
X 773647  Y 456187
X 763647  Y 476187
X 773647  Y 476187
X 775984  Y 483858
X 763647  Y 486187
X 775984  Y 486614
X 793647  Y 486187
X 793700  Y 438188
X 800000  Y 436220
X 797244  Y 436220
X 793700  Y 434645
X 800393  Y 431102
X 797637  Y 431102
X 794881  Y 431102
X 792125  Y 431102
X 783070  Y 428346
X 780314  Y 428346
X 785433  Y 422834
X 785433  Y 420078
X 792519  Y 397244
X 792519  Y 393700
X 789370  Y 392125
X 789370  Y 388582
X 783647  Y 386187
X 803647  Y 386187
X 803647  Y 366187
X 793647  Y 366187
X 798031  Y 364566
X 800787  Y 364566
X 793647  Y 356187
X 783647  Y 356187
X 803647  Y 356187
X 785826  Y 353149
X 788582  Y 353149
X 803647  Y 346187
X 801574  Y 337401
X 803647  Y 306187
X 793647  Y 306187
X 793647  Y 296187
X 783647  Y 286187
X 793647  Y 276187
X 793647  Y 266187
X 783647  Y 256187
X 793647  Y 256187
X 783647  Y 246187
X 793647  Y 246187
X 783647  Y 236187
X 793647  Y 196187
X 782677  Y 193700
X 793647  Y 176187
X 793647  Y 166187
X 793647  Y 156187
X 803647  Y 146187
X 783647  Y 146187
X 793647  Y 146187
X 795669  Y 141338
X 793647  Y 126187
X 783647  Y 106187
X 793647  Y 106187
X 813647  Y 106187
X 813647  Y 116187
X 813779  Y 121653
X 810236  Y 121653
X 808661  Y 146062
X 813647  Y 146187
X 813647  Y 306187
X 813647  Y 316187
X 813647  Y 326187
X 813647  Y 336187
X 804330  Y 337401
X 813647  Y 346187
X 813647  Y 356187
X 813647  Y 366187
X 813647  Y 376187
X 813647  Y 386187
X 813647  Y 406187
X 813647  Y 416187
X 813647  Y 426187
X 813647  Y 436187
X 813647  Y 446187
X 813647  Y 456187
X 813647  Y 466187
X 805118  Y 469291
X 813647  Y 476187
X 813647  Y 486187

Drill: .01575  Tool: 2  Feed: 95  Speed: 300
X 809940  Y 369192 X 807381  Y 369192
X 809940  Y 397736 X 807381  Y 397736

Drill: .01969  Tool: 3  Feed: 95  Speed: 300
X 163385  Y 292519
X 251968  Y 318503
X 166929  Y 348425
X 267322  Y 421259
X 296850  Y 409842
X 329133  Y 409842
X 329133  Y 392125
X 457874  Y 384251
X 457874  Y 389370
X 470866  Y 409842
X 467716  Y 413385
X 453937  Y 432677
X 462598  Y 436614
X 453937  Y 438976
X 454330  Y 468110
X 512992  Y 343307
X 516929  Y 339370
X 503149  Y 326377
X 505905  Y 323622
X 546456  Y 265354
X 546850  Y 259842
X 592519  Y 225196
X 582283  Y 233858
X 590157  Y 253543
X 590551  Y 259448
X 566929  Y 265354
X 596062  Y 308267
X 600787  Y 309055
X 604330  Y 322834
X 609448  Y 322834
X 583070  Y 427559
X 664173  Y 442125
X 659055  Y 408267
X 664960  Y 407086
X 680314  Y 320472
X 680314  Y 286220
X 646062  Y 243307
X 638188  Y 217716
X 757874  Y 302755
X 757874  Y 306692
X 761417  Y 308661
X 754724  Y 309055
X 750393  Y 359448
X 752362  Y 397637
X 752362  Y 408267
X 744881  Y 415748

Drill: .02165  Tool: 4  Feed: 197  Speed: 550
X 798228  Y 373917
X 798228  Y 393011

Drill: .02756  Tool: 5  Feed: 197  Speed: 550
X 446456  Y 488976
X 446456  Y 498425
X 470078  Y 498425
X 462204  Y 498425
X 454330  Y 498425
X 477952  Y 498425
X 485826  Y 498425
X 462204  Y 488976
X 470078  Y 488976
X 477952  Y 488976
X 454330  Y 488976
X 485826  Y 488976
X 529133  Y 488976
X 537007  Y 488976
X 544881  Y 488976
X 552755  Y 488976
X 560629  Y 488976
X 568503  Y 488976
X 552755  Y 498425
X 544881  Y 498425
X 560629  Y 498425
X 568503  Y 498425
X 537007  Y 498425
X 529133  Y 498425

Drill: .0315  Tool: 6  Feed: 197  Speed: 550
X 675780  Y 506888 X 675780  Y 509644
X 618694  Y 506888 X 618694  Y 509644
X 675780  Y 481652 X 675780  Y 487951
X 618694  Y 481652 X 618694  Y 487951

Drill: .035  Tool: 7  Feed: 197  Speed: 550
X 427952  Y 238188
X 437952  Y 238188
X 447952  Y 238188
X 457952  Y 238188
X 467952  Y 238188
X 477952  Y 238188
X 487952  Y 238188

Drill: .0374  Tool: 8  Feed: 197  Speed: 550
X 350000  Y 112598
X 350000  Y 127559
X 351968  Y 485826
X 342913  Y 485826
X 333858  Y 485826
X 329330  Y 493307
X 347440  Y 493307
X 338385  Y 493307
X 351968  Y 500787
X 333858  Y 500787
X 342913  Y 500787
X 361023  Y 500787
X 370078  Y 500787
X 365551  Y 493307
X 356496  Y 493307
X 361023  Y 485826
X 370078  Y 485826
X 359055  Y 127559
X 377165  Y 127559
X 368110  Y 127559
X 386220  Y 127559
X 372637  Y 120078
X 354527  Y 120078
X 363582  Y 120078
X 381692  Y 120078
X 390748  Y 120078
X 368110  Y 112598
X 359055  Y 112598
X 377165  Y 112598
X 386220  Y 112598

Drill: .03937  Tool: 9  Feed: 197  Speed: 550
X 109842  Y 147244
X 109842  Y 155708
X 109842  Y 164173
X 222047  Y 198425
X 212204  Y 198425
X 218110  Y 470078
X 210433  Y 470078
X 225984  Y 470078
X 219291  Y 479921
X 227165  Y 479921
X 210433  Y 479921
X 241535  Y 479921
X 235039  Y 479921
X 233858  Y 470078
X 241535  Y 470078
X 231889  Y 198425
X 279133  Y 198425
X 298818  Y 198425
X 288976  Y 198425
X 346062  Y 198425
X 365748  Y 198425
X 355905  Y 198425
X 665748  Y 355906
X 675748  Y 355906
X 695748  Y 355906
X 685748  Y 355906
X 776377  Y 328346 X 776377  Y 320472
X 800000  Y 328346 X 800000  Y 320472
X 792125  Y 342913 X 784251  Y 342913

Drill: .04331  Tool: 10  Feed: 139  Speed: 550
X 157095  Y 478005
X 157095  Y 505564

Drill: .04724  Tool: 11  Feed: 139  Speed: 550
X 491732  Y 479921
X 440551  Y 507480
X 523228  Y 507480
X 574409  Y 479921
X 651574  Y 212204
X 651574  Y 192519
X 770275  Y 165748
X 757480  Y 165748
X 757480  Y 178740
X 770275  Y 178740
X 708661  Y 192519
X 708661  Y 202362
X 708661  Y 212204
X 770275  Y 214960
X 757480  Y 214960
X 757480  Y 227952
X 770275  Y 227952
X 770275  Y 264173
X 757480  Y 264173
X 757480  Y 277165
X 770275  Y 277165
X 783070  Y 277165
X 783070  Y 264173
X 783070  Y 227952
X 783070  Y 214960
X 783070  Y 178740
X 783070  Y 165748
X 606102  Y 129921 X 606102  Y 137007
X 576574  Y 129921 X 576574  Y 137007
X 588149  Y 115748 X 594527  Y 115748
X 529094  Y 115748 X 535472  Y 115748
X 547047  Y 129921 X 547047  Y 137007
X 517519  Y 129921 X 517519  Y 137007
X 470039  Y 115748 X 476417  Y 115748
X 487992  Y 129921 X 487992  Y 137007
X 458464  Y 129921 X 458464  Y 137007
X 784055  Y 129921 X 784055  Y 137007
X 754527  Y 129921 X 754527  Y 137007
X 766102  Y 115748 X 772480  Y 115748
X 707047  Y 115748 X 713425  Y 115748
X 725000  Y 129921 X 725000  Y 137007
X 695472  Y 129921 X 695472  Y 137007
X 647992  Y 115748 X 654370  Y 115748
X 665944  Y 129921 X 665944  Y 137007
X 636417  Y 129921 X 636417  Y 137007
X 287992  Y 129921 X 287992  Y 137007
X 258464  Y 129921 X 258464  Y 137007
X 270039  Y 115748 X 276417  Y 115748
X 210984  Y 115748 X 217362  Y 115748
X 228937  Y 129921 X 228937  Y 137007
X 199409  Y 129921 X 199409  Y 137007
X 151929  Y 115748 X 158307  Y 115748
X 169881  Y 129921 X 169881  Y 137007
X 140354  Y 129921 X 140354  Y 137007

Drill: .05118  Tool: 12  Feed: 107  Speed: 550
X 135748  Y 234232
X 115748  Y 241732
X 135748  Y 249232
X 115748  Y 256732
X 135748  Y 264232
X 115748  Y 271732
X 135748  Y 279232
X 115748  Y 286732
X 135748  Y 294232
X 115748  Y 301732
X 135748  Y 309232
X 115748  Y 316732
X 135748  Y 324232
X 115748  Y 331732
X 135748  Y 339232
X 115748  Y 346732
X 135748  Y 354232
X 115748  Y 361732
X 135748  Y 369232
X 115748  Y 376732
X 135748  Y 384232

Drill: .05118  Tool: 13  Feed: 107  Speed: 550
X 629520  Y 505274
X 664954  Y 505274

Drill: .05512  Tool: 14  Feed: 107  Speed: 550
X 746850  Y 158661
X 746850  Y 207874
X 746850  Y 257086
X 794094  Y 284251
X 794094  Y 235039
X 794094  Y 185826

Drill: .05906  Tool: 15  Feed: 107  Speed: 550
X 109842  Y 138582
X 109842  Y 174015

Drill: .07087  Tool: 16  Feed: 81  Speed: 550
X 680314  Y 181102 X 677952  Y 181102
X 680314  Y 223622 X 677952  Y 223622

Drill: .07874  Tool: 17  Feed: 81  Speed: 550
X 243700  Y 132283
X 184645  Y 133464
X 502755  Y 133464
X 561811  Y 132283
X 739763  Y 132283
X 680708  Y 133464

Drill: .08268  Tool: 18  Feed: 74  Speed: 550
X 297440  Y 493700 X 303740  Y 493700
X 395866  Y 493700 X 402165  Y 493700
X 422637  Y 119685 X 416338  Y 119685
X 324212  Y 119685 X 317913  Y 119685

Drill: .08661  Tool: 19  Feed: 74  Speed: 550
X 203346  Y 168897
X 240748  Y 168897
X 197440  Y 491732
X 254527  Y 491732
X 270275  Y 168897
X 307677  Y 168897
X 337204  Y 168897
X 374606  Y 168897

Drill: .09055  Tool: 20  Feed: 66  Speed: 550
X 172716  Y 103385
X 490826  Y 103385
X 668779  Y 103385

Drill: .09055  Tool: 21  Feed: 66  Speed: 550
X 255629  Y 103385
X 639763  Y 355906
X 639763  Y 269291
X 573740  Y 103385
X 751692  Y 103385
X 720866  Y 269291
X 720866  Y 355906

Drill: .09843  Tool: 22  Feed: 66  Speed: 550
X 136220  Y 115748
X 292125  Y 115748
X 454330  Y 115748
X 610236  Y 115748
X 632283  Y 115748
X 788188  Y 115748

Drill: .09843  Tool: 23  Feed: 66  Speed: 550
X 225984  Y 494881

Drill: .11811  Tool: 24  Feed: 69  Speed: 658
X 105905  Y 411417 X 111417  Y 411417
X 106299  Y 205118 X 111811  Y 205118

Drill: .11811  Tool: 25  Feed: 69  Speed: 658
X 639370  Y 430314

Drill: .1378  Tool: 26  Feed: 35  Speed: 794
X 111811  Y 111811
X 111811  Y 481889
X 550787  Y 377559
X 407086  Y 202362
X 804724  Y 111811
X 621653  Y 241732
X 804724  Y 481889

End of Listing
